shinobichartsandroidlibrary/build/outputs/apk/manifest-merger-debug-report.txt
-- Merging decision tree log ---
manifest
ADDED from AndroidManifest.xml:1:1
	xmlns:android
		ADDED from AndroidManifest.xml:1:11
	package
		ADDED from AndroidManifest.xml:1:130
		INJECTED from AndroidManifest.xml:0:0
		INJECTED from AndroidManifest.xml:0:0
	android:versionName
		ADDED from AndroidManifest.xml:1:100
	android:versionCode
		ADDED from AndroidManifest.xml:1:70
		INJECTED from AndroidManifest.xml:0:0
		INJECTED from AndroidManifest.xml:0:0
uses-sdk
ADDED from AndroidManifest.xml:3:5
	android:targetSdkVersion
		ADDED from AndroidManifest.xml:3:41
		INJECTED from AndroidManifest.xml:0:0
		INJECTED from AndroidManifest.xml:0:0
	android:minSdkVersion
		ADDED from AndroidManifest.xml:3:15
		INJECTED from AndroidManifest.xml:0:0
		INJECTED from AndroidManifest.xml:0:0
uses-feature#0x00020000
ADDED from AndroidManifest.xml:5:5
	android:required
		ADDED from AndroidManifest.xml:5:52
	android:glEsVersion
		ADDED from AndroidManifest.xml:5:19
application
ADDED from AndroidManifest.xml:6:5
	android:debuggable
		ADDED from AndroidManifest.xml:6:45
	android:allowBackup
		ADDED from AndroidManifest.xml:6:18